<?xml version="1.0" encoding="UTF-8"?>
<testsuite name="demo2"
           tests="1"
           failures="1"
           errors="0"
           skipped="0"
           time="0.000">
  <properties />
            <testcase name="changePassword" time="0.000" classname="com.changefinancial.TestCases.T_5_ChangePasswordWithCorrectPassword">
                <failure type="org.testng.TestNGException"
                  message="
Method changePassword requires 2 parameters but 0 were supplied in the @Test annotation."
              >
<![CDATA[org.testng.TestNGException: 
Method changePassword requires 2 parameters but 0 were supplied in the @Test annotation.
  org.testng.internal.Parameters.checkParameterTypes(Parameters.java:198)
  org.testng.internal.Parameters.createParameters(Parameters.java:134)
  org.testng.internal.Parameters.createParameters(Parameters.java:370)
  org.testng.internal.Parameters.handleParameters(Parameters.java:447)
  org.testng.internal.Invoker.handleParameters(Invoker.java:1383)
  org.testng.internal.Invoker.createParameters(Invoker.java:1075)
  org.testng.internal.Invoker.invokeTestMethods(Invoker.java:1180)
  org.testng.internal.TestMethodWorker.invokeTestMethods(TestMethodWorker.java:127)
  org.testng.internal.TestMethodWorker.run(TestMethodWorker.java:111)
  org.testng.TestRunner.privateRun(TestRunner.java:767)
  org.testng.TestRunner.run(TestRunner.java:617)
  org.testng.SuiteRunner.runTest(SuiteRunner.java:334)
  org.testng.SuiteRunner.access$000(SuiteRunner.java:37)
  org.testng.SuiteRunner$SuiteWorker.run(SuiteRunner.java:368)
  org.testng.internal.thread.ThreadUtil$2.call(ThreadUtil.java:64)
  java.base/java.util.concurrent.FutureTask.run(FutureTask.java:264)
  java.base/java.util.concurrent.ThreadPoolExecutor.runWorker(ThreadPoolExecutor.java:1128)
  java.base/java.util.concurrent.ThreadPoolExecutor$Worker.run(ThreadPoolExecutor.java:628)
  java.base/java.lang.Thread.run(Thread.java:834)
]]>
      </failure>

          </testcase>
  
  
  
</testsuite>
